  3_1.cpp
D:\桌面\ADIP\HW5\HW5\HW5\3_1.cpp(80,25): warning C4244: '=': 將 'double' 轉換為 '_Ty'，由於類型不同，可能導致資料遺失
          with
          [
              _Ty=int
          ]
D:\桌面\ADIP\HW5\HW5\HW5\3_1.cpp(89,22): warning C4244: '=': 將 'double' 轉換為 '_Ty'，由於類型不同，可能導致資料遺失
          with
          [
              _Ty=int
          ]
D:\桌面\ADIP\HW5\HW5\HW5\3_1.cpp(104,24): warning C4244: '=': 將 'double' 轉換為 '_Ty'，由於類型不同，可能導致資料遺失
          with
          [
              _Ty=int
          ]
D:\桌面\ADIP\HW5\HW5\HW5\3_1.cpp(149,20): warning C4244: '=': 將 'double' 轉換為 '_Ty'，由於類型不同，可能導致資料遺失
          with
          [
              _Ty=int
          ]
D:\桌面\ADIP\HW5\HW5\HW5\3_1.cpp(157,22): warning C4244: '=': 將 'double' 轉換為 '_Ty'，由於類型不同，可能導致資料遺失
          with
          [
              _Ty=int
          ]
D:\桌面\ADIP\HW5\HW5\HW5\3_1.cpp(172,24): warning C4244: '=': 將 'double' 轉換為 '_Ty'，由於類型不同，可能導致資料遺失
          with
          [
              _Ty=int
          ]
D:\桌面\ADIP\HW5\HW5\HW5\3_1.cpp(214,12): warning C4244: '正在初始化': 將 'double' 轉換為 'int'，由於類型不同，可能導致資料遺失
D:\桌面\ADIP\HW5\HW5\HW5\3_1.cpp(256,12): warning C4244: '正在初始化': 將 'double' 轉換為 'int'，由於類型不同，可能導致資料遺失
D:\桌面\ADIP\HW5\HW5\HW5\3_1.cpp(322,11): warning C4244: '正在初始化': 將 'double' 轉換為 'int'，由於類型不同，可能導致資料遺失
D:\桌面\ADIP\HW5\HW5\HW5\3_1.cpp(324,16): warning C4244: '=': 將 'double' 轉換為 '_Ty'，由於類型不同，可能導致資料遺失
          with
          [
              _Ty=int
          ]
  HW5.vcxproj -> D:\桌面\ADIP\HW5\HW5\Debug\HW5.exe
